Mon Aug 21 2023 19:13:41 } [PH] info: SIGTERM received
Mon Aug 21 2023 19:13:42 } [PH] info: Server running on port 5004
Mon Aug 21 2023 19:15:36 } [PH] info: Server running on port 5004
Mon Aug 21 2023 19:19:22 } [PH] info: Server running on port 5004
Mon Aug 21 2023 19:20:40 } [PH] info: SIGTERM received
Mon Aug 21 2023 19:20:40 } [PH] info: Server running on port 5004
Mon Aug 21 2023 19:21:20 } [PH] info: SIGTERM received
Mon Aug 21 2023 19:21:20 } [PH] info: Server running on port 5004
Mon Aug 21 2023 19:21:43 } [PH] info: SIGTERM received
Mon Aug 21 2023 19:21:44 } [PH] info: Server running on port 5004
Mon Aug 21 2023 19:21:48 } [PH] info: SIGTERM received
Mon Aug 21 2023 19:21:48 } [PH] info: Server running on port 5004
Mon Aug 21 2023 19:23:27 } [PH] info: SIGTERM received
Mon Aug 21 2023 19:23:28 } [PH] info: Server running on port 5004
Mon Aug 21 2023 19:23:47 } [PH] info: SIGTERM received
Mon Aug 21 2023 19:23:47 } [PH] info: Server running on port 5004
Mon Aug 21 2023 19:23:56 } [PH] info: SIGTERM received
Mon Aug 21 2023 19:23:56 } [PH] info: Server running on port 5004
Mon Aug 21 2023 19:26:19 } [PH] info: SIGTERM received
Mon Aug 21 2023 19:26:20 } [PH] info: Server running on port 5004
Mon Aug 21 2023 19:31:17 } [PH] info: SIGTERM received
Mon Aug 21 2023 19:31:18 } [PH] info: Server running on port 5004
Mon Aug 21 2023 19:31:51 } [PH] info: SIGTERM received
Mon Aug 21 2023 19:31:52 } [PH] info: Server running on port 5004
Mon Aug 21 2023 19:35:55 } [PH] info: Server running on port 5004
Mon Aug 21 2023 19:37:23 } [PH] info: SIGTERM received
Mon Aug 21 2023 19:37:24 } [PH] info: Server running on port 5004
Mon Aug 21 2023 19:38:3 } [PH] info: SIGTERM received
Mon Aug 21 2023 19:38:4 } [PH] info: Server running on port 5004
Mon Aug 21 2023 19:39:4 } [PH] info: Server running on port 5004
Mon Aug 21 2023 19:39:25 } [PH] info: SIGTERM received
Mon Aug 21 2023 19:39:25 } [PH] info: Server running on port 5004
Mon Aug 21 2023 19:40:4 } [PH] info: SIGTERM received
Mon Aug 21 2023 19:40:4 } [PH] info: Server running on port 5004
Mon Aug 21 2023 19:40:37 } [PH] info: Server running on port 5004
Mon Aug 21 2023 19:42:46 } [PH] info: SIGTERM received
Mon Aug 21 2023 19:42:47 } [PH] info: Server running on port 5004
Mon Aug 21 2023 19:45:8 } [PH] info: SIGTERM received
Mon Aug 21 2023 19:45:9 } [PH] info: Server running on port 5004
Mon Aug 21 2023 19:46:25 } [PH] info: SIGTERM received
Mon Aug 21 2023 19:46:25  [PH] info: Server running on port 5004
Mon Aug 21 2023 19:47:11  [PH] info: SIGTERM received
Mon Aug 21 2023 19:47:11 [PH] info: Server running on port 5004
Mon Aug 21 2023 19:47:52 [PH] info: Server running on port 5004
Mon Aug 21 2023 19:48:36 [PH] info: SIGTERM received
Mon Aug 21 2023 19:48:36 [PH] info: Server running on port 5004
Mon Aug 21 2023 19:49:25 [PH] info: SIGTERM received
Mon Aug 21 2023 19:49:25 [PH] info: Server running on port 5004
Mon Aug 21 2023 19:49:54 [PH] info: SIGTERM received
Mon Aug 21 2023 19:49:54 [PH] info: Server running on port 5004
Mon Aug 21 2023 19:50:39 [PH] info: SIGTERM received
Mon Aug 21 2023 19:50:39 [PH] info: Server running on port 5004
Mon Aug 21 2023 19:51:27 [PH] info: SIGTERM received
Mon Aug 21 2023 19:51:28 [PH] info: Server running on port 5004
Mon Aug 21 2023 19:52:43 [PH] info: SIGTERM received
Mon Aug 21 2023 19:52:44 [PH] info: Server running on port 5004
