Mon Oct 30 2023 20:11:6 [PH] error: 
Invalid `prisma.studentSemesterPayment.create()` invocation:


Transaction API error: Transaction already closed: A query cannot be executed on a committed transaction.
Mon Oct 30 2023 20:13:51 [PH] error: 
Invalid `prisma.studentSemesterPayment.findFirst()` invocation:


Transaction API error: Transaction already closed: Could not perform operation.
Mon Oct 30 2023 20:15:11 [PH] error: 
Invalid `prisma.studentSemesterPayment.findFirst()` invocation:


Transaction API error: Transaction already closed: Could not perform operation.
Mon Oct 30 2023 20:21:14 [PH] error: 
Invalid `prisma.studentSemesterPayment.create()` invocation:


Transaction API error: Transaction already closed: A query cannot be executed on a committed transaction.
Mon Oct 30 2023 20:24:35 [PH] error: 
Invalid `prisma.studentSemesterPayment.create()` invocation:


Transaction API error: Transaction already closed: A query cannot be executed on a committed transaction.
Mon Oct 30 2023 20:26:16 [PH] error: 
Invalid `prisma.studentSemesterPayment.create()` invocation:


Transaction API error: Transaction already closed: A query cannot be executed on a committed transaction.
Mon Oct 30 2023 20:27:21 [PH] error: 
Invalid `prisma.studentSemesterPayment.findFirst()` invocation:


Transaction API error: Transaction already closed: Could not perform operation.
Mon Oct 30 2023 20:29:17 [PH] error: 
Invalid `prisma.studentSemesterPayment.findFirst()` invocation:


Transaction API error: Transaction already closed: Could not perform operation.
Mon Oct 30 2023 20:35:35 [PH] error: 
Invalid `prisma.studentSemesterPayment.create()` invocation:


Transaction API error: Transaction already closed: A query cannot be executed on a committed transaction.
Mon Oct 30 2023 20:36:21 [PH] error: 
Invalid `prisma.studentEnrolledCourseMark.findFirst()` invocation:


Transaction API error: Transaction already closed: A query cannot be executed on a committed transaction.
Mon Oct 30 2023 20:40:28 [PH] error: 
Invalid `prisma.studentEnrolledCourseMark.findFirst()` invocation:


Transaction API error: Transaction already closed: A query cannot be executed on a committed transaction.
