Fri Sep 08 2023 0:9:2 [PH] error: 
Invalid `prisma.studentSemesterPayment.create()` invocation:


Transaction API error: Transaction already closed: Could not perform operation.
Fri Sep 08 2023 0:11:32 [PH] error: 
Invalid `prisma.studentSemesterPayment.create()` invocation:

{
  data: {
    studentId: "857605f3-4a69-4960-9a45-feb5f0668cf0",
    academicSemesterId: "baf1360f-e758-49bc-a741-bd86632a6213",
    totalPaymentAmount: 85000,
    ~~~~~~~~~~~~~~~~~~
    partialPaymentAmount: 42500,
    totalDueAmount: 85000,
    totalPaidAmount: 0,
?   id?: String,
?   createdAt?: DateTime,
?   updatedAt?: DateTime,
?   fullpaymentAmount?: Int | Null,
?   paymentStatus?: PaymentStatus | Null
  }
}

Unknown argument `totalPaymentAmount`. Available options are listed in green.
Fri Sep 08 2023 0:14:27 [PH] error: 
Invalid `prisma.studentSemesterPayment.create()` invocation:

{
  data: {
    studentId: "857605f3-4a69-4960-9a45-feb5f0668cf0",
    academicSemesterId: "baf1360f-e758-49bc-a741-bd86632a6213",
    fullPaymentAmount: 85000,
    ~~~~~~~~~~~~~~~~~
    partialPaymentAmount: 42500,
    totalDueAmount: 85000,
    totalPaidAmount: 0,
?   id?: String,
?   createdAt?: DateTime,
?   updatedAt?: DateTime,
?   fullpaymentAmount?: Int | Null,
?   paymentStatus?: PaymentStatus | Null
  }
}

Unknown argument `fullPaymentAmount`. Did you mean `fullpaymentAmount`? Available options are listed in green.
Fri Sep 08 2023 0:15:31 [PH] error: 
Invalid `prisma.studentSemesterPayment.create()` invocation:


Transaction API error: Transaction already closed: Could not perform operation.
Fri Sep 08 2023 0:18:16 [PH] error: 
Invalid `prisma.studentSemesterPayment.create()` invocation:


Transaction API error: Transaction already closed: Could not perform operation.
Fri Sep 08 2023 0:20:9 [PH] error: 
Invalid `prisma.studentSemesterRegistrationCourse.findMany()` invocation:


Transaction API error: Transaction already closed: A query cannot be executed on a committed transaction.
Fri Sep 08 2023 0:23:15 [PH] error: 
Invalid `prisma.studentSemesterPayment.create()` invocation:


Transaction API error: Transaction already closed: Could not perform operation.
Fri Sep 08 2023 0:29:3 [PH] error: 
Invalid `prisma.studentSemesterPayment.create()` invocation:


Transaction API error: Transaction already closed: Could not perform operation.
Fri Sep 08 2023 0:30:31 [PH] error: 
Invalid `prisma.studentSemesterPayment.findFirst()` invocation:


Transaction API error: Transaction already closed: Could not perform operation.
Fri Sep 08 2023 0:33:20 [PH] error: 
Invalid `prisma.studentSemesterPayment.create()` invocation:


Transaction API error: Transaction already closed: A query cannot be executed on a committed transaction.
Fri Sep 08 2023 0:34:35 [PH] error: 
Invalid `prisma.studentSemesterPayment.findFirst()` invocation:


Transaction API error: Transaction already closed: Could not perform operation.
Fri Sep 08 2023 0:36:36 [PH] error: 
Invalid `prisma.studentSemesterRegistrationCourse.findMany()` invocation:


Transaction API error: Transaction already closed: A query cannot be executed on a committed transaction.
